# JRE version: OpenJDK Runtime Environment (8.0_242-b01) (build 1.8.0_242-release-1644-b01)
# Java VM: OpenJDK 64-Bit Server VM (25.242-b01 mixed mode windows-amd64 compressed oops)
Heap:
 PSYoungGen      total 307712K, used 114143K [0x00000000d5580000, 0x00000000e9e80000, 0x0000000100000000)
  eden space 286208K, 39% used [0x00000000d5580000,0x00000000dc4f7dd0,0x00000000e6d00000)
  from space 21504K, 0% used [0x00000000e8500000,0x00000000e8500000,0x00000000e9a00000)
  to   space 24576K, 0% used [0x00000000e6d00000,0x00000000e6d00000,0x00000000e8500000)
 ParOldGen       total 233984K, used 33183K [0x0000000080000000, 0x000000008e480000, 0x00000000d5580000)
  object space 233984K, 14% used [0x0000000080000000,0x0000000082067fd8,0x000000008e480000)
 Metaspace       used 60737K, capacity 63710K, committed 63912K, reserved 1103872K
  class space    used 8401K, capacity 9020K, committed 9136K, reserved 1048576K
GC Heap History (10 events):
Event: 6.730 GC heap before
{Heap before GC invocations=7 (full 1):
 PSYoungGen      total 139776K, used 61149K [0x00000000d5580000, 0x00000000e3500000, 0x0000000100000000)
  eden space 129024K, 39% used [0x00000000d5580000,0x00000000d86bba60,0x00000000dd380000)
  from space 10752K, 99% used [0x00000000dd380000,0x00000000dddfb9d0,0x00000000dde00000)
  to   space 15360K, 0% used [0x00000000e2600000,0x00000000e2600000,0x00000000e3500000)
 ParOldGen       total 101376K, used 10205K [0x0000000080000000, 0x0000000086300000, 0x00000000d5580000)
  object space 101376K, 10% used [0x0000000080000000,0x00000000809f7780,0x0000000086300000)
 Metaspace       used 34540K, capacity 35442K, committed 35496K, reserved 1079296K
  class space    used 4737K, capacity 5006K, committed 5040K, reserved 1048576K
Event: 6.744 GC heap after
Heap after GC invocations=7 (full 1):
 PSYoungGen      total 211456K, used 8766K [0x00000000d5580000, 0x00000000e3380000, 0x0000000100000000)
  eden space 197632K, 0% used [0x00000000d5580000,0x00000000d5580000,0x00000000e1680000)
  from space 13824K, 63% used [0x00000000e2600000,0x00000000e2e8faa0,0x00000000e3380000)
  to   space 14848K, 0% used [0x00000000e1680000,0x00000000e1680000,0x00000000e2500000)
 ParOldGen       total 101376K, used 10213K [0x0000000080000000, 0x0000000086300000, 0x00000000d5580000)
  object space 101376K, 10% used [0x0000000080000000,0x00000000809f9780,0x0000000086300000)
 Metaspace       used 34540K, capacity 35442K, committed 35496K, reserved 1079296K
  class space    used 4737K, capacity 5006K, committed 5040K, reserved 1048576K
}
Event: 6.744 GC heap before
{Heap before GC invocations=8 (full 2):
 PSYoungGen      total 211456K, used 8766K [0x00000000d5580000, 0x00000000e3380000, 0x0000000100000000)
  eden space 197632K, 0% used [0x00000000d5580000,0x00000000d5580000,0x00000000e1680000)
  from space 13824K, 63% used [0x00000000e2600000,0x00000000e2e8faa0,0x00000000e3380000)
  to   space 14848K, 0% used [0x00000000e1680000,0x00000000e1680000,0x00000000e2500000)
 ParOldGen       total 101376K, used 10213K [0x0000000080000000, 0x0000000086300000, 0x00000000d5580000)
  object space 101376K, 10% used [0x0000000080000000,0x00000000809f9780,0x0000000086300000)
 Metaspace       used 34540K, capacity 35442K, committed 35496K, reserved 1079296K
  class space    used 4737K, capacity 5006K, committed 5040K, reserved 1048576K
Event: 6.821 GC heap after
Heap after GC invocations=8 (full 2):
 PSYoungGen      total 211456K, used 0K [0x00000000d5580000, 0x00000000e3380000, 0x0000000100000000)
  eden space 197632K, 0% used [0x00000000d5580000,0x00000000d5580000,0x00000000e1680000)
  from space 13824K, 0% used [0x00000000e2600000,0x00000000e2600000,0x00000000e3380000)
  to   space 14848K, 0% used [0x00000000e1680000,0x00000000e1680000,0x00000000e2500000)
 ParOldGen       total 157184K, used 15608K [0x0000000080000000, 0x0000000089980000, 0x00000000d5580000)
  object space 157184K, 9% used [0x0000000080000000,0x0000000080f3e290,0x0000000089980000)
 Metaspace       used 34540K, capacity 35442K, committed 35496K, reserved 1079296K
  class space    used 4737K, capacity 5006K, committed 5040K, reserved 1048576K
}
Event: 11.771 GC heap before
{Heap before GC invocations=9 (full 2):
 PSYoungGen      total 211456K, used 197632K [0x00000000d5580000, 0x00000000e3380000, 0x0000000100000000)
  eden space 197632K, 100% used [0x00000000d5580000,0x00000000e1680000,0x00000000e1680000)
  from space 13824K, 0% used [0x00000000e2600000,0x00000000e2600000,0x00000000e3380000)
  to   space 14848K, 0% used [0x00000000e1680000,0x00000000e1680000,0x00000000e2500000)
 ParOldGen       total 157184K, used 15608K [0x0000000080000000, 0x0000000089980000, 0x00000000d5580000)
  object space 157184K, 9% used [0x0000000080000000,0x0000000080f3e290,0x0000000089980000)
 Metaspace       used 50769K, capacity 52622K, committed 52904K, reserved 1095680K
  class space    used 6818K, capacity 7260K, committed 7344K, reserved 1048576K
Event: 11.818 GC heap after
Heap after GC invocations=9 (full 2):
 PSYoungGen      total 212480K, used 14842K [0x00000000d5580000, 0x00000000e9a00000, 0x0000000100000000)
  eden space 197632K, 0% used [0x00000000d5580000,0x00000000d5580000,0x00000000e1680000)
  from space 14848K, 99% used [0x00000000e1680000,0x00000000e24fe948,0x00000000e2500000)
  to   space 21504K, 0% used [0x00000000e8500000,0x00000000e8500000,0x00000000e9a00000)
 ParOldGen       total 157184K, used 24849K [0x0000000080000000, 0x0000000089980000, 0x00000000d5580000)
  object space 157184K, 15% used [0x0000000080000000,0x0000000081844678,0x0000000089980000)
 Metaspace       used 50769K, capacity 52622K, committed 52904K, reserved 1095680K
  class space    used 6818K, capacity 7260K, committed 7344K, reserved 1048576K
}
Event: 13.666 GC heap before
{Heap before GC invocations=10 (full 2):
 PSYoungGen      total 212480K, used 90789K [0x00000000d5580000, 0x00000000e9a00000, 0x0000000100000000)
  eden space 197632K, 38% used [0x00000000d5580000,0x00000000d9faaea0,0x00000000e1680000)
  from space 14848K, 99% used [0x00000000e1680000,0x00000000e24fe948,0x00000000e2500000)
  to   space 21504K, 0% used [0x00000000e8500000,0x00000000e8500000,0x00000000e9a00000)
 ParOldGen       total 157184K, used 24849K [0x0000000080000000, 0x0000000089980000, 0x00000000d5580000)
  object space 157184K, 15% used [0x0000000080000000,0x0000000081844678,0x0000000089980000)
 Metaspace       used 57020K, capacity 59072K, committed 59160K, reserved 1099776K
  class space    used 7824K, capacity 8301K, committed 8368K, reserved 1048576K
Event: 13.694 GC heap after
Heap after GC invocations=10 (full 2):
 PSYoungGen      total 307712K, used 20996K [0x00000000d5580000, 0x00000000e9e80000, 0x0000000100000000)
  eden space 286208K, 0% used [0x00000000d5580000,0x00000000d5580000,0x00000000e6d00000)
  from space 21504K, 97% used [0x00000000e8500000,0x00000000e99810c0,0x00000000e9a00000)
  to   space 24576K, 0% used [0x00000000e6d00000,0x00000000e6d00000,0x00000000e8500000)
 ParOldGen       total 157184K, used 24857K [0x0000000080000000, 0x0000000089980000, 0x00000000d5580000)
  object space 157184K, 15% used [0x0000000080000000,0x0000000081846678,0x0000000089980000)
 Metaspace       used 57020K, capacity 59072K, committed 59160K, reserved 1099776K
  class space    used 7824K, capacity 8301K, committed 8368K, reserved 1048576K
}
Event: 13.694 GC heap before
{Heap before GC invocations=11 (full 3):
 PSYoungGen      total 307712K, used 20996K [0x00000000d5580000, 0x00000000e9e80000, 0x0000000100000000)
  eden space 286208K, 0% used [0x00000000d5580000,0x00000000d5580000,0x00000000e6d00000)
  from space 21504K, 97% used [0x00000000e8500000,0x00000000e99810c0,0x00000000e9a00000)
  to   space 24576K, 0% used [0x00000000e6d00000,0x00000000e6d00000,0x00000000e8500000)
 ParOldGen       total 157184K, used 24857K [0x0000000080000000, 0x0000000089980000, 0x00000000d5580000)
  object space 157184K, 15% used [0x0000000080000000,0x0000000081846678,0x0000000089980000)
 Metaspace       used 57020K, capacity 59072K, committed 59160K, reserved 1099776K
  class space    used 7824K, capacity 8301K, committed 8368K, reserved 1048576K
Event: 14.097 GC heap after
Heap after GC invocations=11 (full 3):
 PSYoungGen      total 307712K, used 0K [0x00000000d5580000, 0x00000000e9e80000, 0x0000000100000000)
  eden space 286208K, 0% used [0x00000000d5580000,0x00000000d5580000,0x00000000e6d00000)
  from space 21504K, 0% used [0x00000000e8500000,0x00000000e8500000,0x00000000e9a00000)
  to   space 24576K, 0% used [0x00000000e6d00000,0x00000000e6d00000,0x00000000e8500000)
 ParOldGen       total 233984K, used 33183K [0x0000000080000000, 0x000000008e480000, 0x00000000d5580000)
  object space 233984K, 14% used [0x0000000080000000,0x0000000082067fd8,0x000000008e480000)
 Metaspace       used 56987K, capacity 58958K, committed 59160K, reserved 1099776K
  class space    used 7814K, capacity 8282K, committed 8368K, reserved 1048576K
}

